^^^^^^^^^^Jul 25 2019^^^16:14:56^^^^^^^^^^[7790,10760466112][2019-07-29 +0800 21:06:34]
get mmap time: 2
MARS_URL: 
MARS_PATH: 
MARS_REVISION: 
MARS_BUILD_TIME: 2019-07-25 15:42:53
MARS_BUILD_JOB: 
log appender mode:0, use mmap:1
log dir space info, capacity:255937040384 free:16907415552 available:12144975872
[I][2019-07-29 +8.0 21:06:34.257][0, 10760466112*][ViewController][ViewController.m, viewDidLoad, 21][Info:页面加载
[D][2019-07-29 +8.0 21:06:38.039][0, 10760466112*][Network][ViewController.m, btnClicked, 27][Debug:网络请求
[D][2019-07-29 +8.0 21:06:38.274][0, 10760466112*][Network][ViewController.m, btnClicked, 27][Debug:网络请求
[D][2019-07-29 +8.0 21:06:38.441][0, 10760466112*][Network][ViewController.m, btnClicked, 27][Debug:网络请求
[D][2019-07-29 +8.0 21:06:38.657][0, 10760466112*][Network][ViewController.m, btnClicked, 27][Debug:网络请求
^^^^^^^^^^Jul 25 2019^^^16:14:56^^^^^^^^^^[7793,10748931648][2019-07-29 +0800 21:08:59]
get mmap time: 1
MARS_URL: 
MARS_PATH: 
MARS_REVISION: 
MARS_BUILD_TIME: 2019-07-25 15:42:53
MARS_BUILD_JOB: 
log appender mode:0, use mmap:1
log dir space info, capacity:255937040384 free:16910921728 available:12148482048
[I][2019-07-29 +8.0 21:08:59.596][0, 10748931648*][ViewController][ViewController.m, viewDidLoad, 21][Info:页面加载
^^^^^^^^^^Jul 25 2019^^^16:14:56^^^^^^^^^^[7796,10747276992][2019-07-29 +0800 21:10:38]
get mmap time: 1
MARS_URL: 
MARS_PATH: 
MARS_REVISION: 
MARS_BUILD_TIME: 2019-07-25 15:42:53
MARS_BUILD_JOB: 
log appender mode:0, use mmap:1
log dir space info, capacity:255937040384 free:16910766080 available:12148326400
[I][2019-07-29 +8.0 21:10:38.492][0, 10747276992*][ViewController][ViewController.m, viewDidLoad, 21][Info:页面加载
